# JRE version: OpenJDK Runtime Environment Temurin-21.0.12.1+1 (21.0.12.1+1) (build 21.0.12.1+1-LTS)
# Java VM: OpenJDK 64-Bit Server VM Temurin-21.0.12.1+1 (21.0.12.1+1-LTS, mixed mode, sharing, tiered, compressed oops, compressed class ptrs, parallel gc, windows-amd64)
GC Precious Log:
 CardTable entry size: 512
 CPUs: 8 total, 8 available
 Memory: 16064M
 Large Page Support: Disabled
 NUMA Support: Disabled
 Compressed Oops: Enabled (32-bit)
 Alignments: Space 512K, Generation 512K, Heap 2M
 Heap Min Capacity: 100M
 Heap Initial Capacity: 100M
 Heap Max Capacity: 2G
 Pre-touch: Disabled
 Parallel Workers: 8
Heap:
 PSYoungGen      total 5120K, used 757K [0x00000000d5580000, 0x00000000d5b80000, 0x0000000100000000)
  eden space 4608K, 9% used [0x00000000d5580000,0x00000000d55ed608,0x00000000d5a00000)
  from space 512K, 62% used [0x00000000d5b00000,0x00000000d5b50000,0x00000000d5b80000)
  to   space 512K, 0% used [0x00000000d5a80000,0x00000000d5a80000,0x00000000d5b00000)
 ParOldGen       total 208896K, used 199150K [0x0000000080000000, 0x000000008cc00000, 0x00000000d5580000)
  object space 208896K, 95% used [0x0000000080000000,0x000000008c27bb90,0x000000008cc00000)
 Metaspace       used 89186K, committed 91008K, reserved 1179648K
  class space    used 8963K, committed 9856K, reserved 1048576K
GC Heap History (20 events):
Event: 3846.227 GC heap before
{Heap before GC invocations=708 (full 5):
 PSYoungGen      total 5120K, used 4767K [0x00000000d5580000, 0x00000000d5b80000, 0x0000000100000000)
  eden space 4608K, 99% used [0x00000000d5580000,0x00000000d59ffff8,0x00000000d5a00000)
  from space 512K, 31% used [0x00000000d5b00000,0x00000000d5b28000,0x00000000d5b80000)
  to   space 512K, 0% used [0x00000000d5a80000,0x00000000d5a80000,0x00000000d5b00000)
 ParOldGen       total 208896K, used 197586K [0x0000000080000000, 0x000000008cc00000, 0x00000000d5580000)
  object space 208896K, 94% used [0x0000000080000000,0x000000008c0f4950,0x000000008cc00000)
 Metaspace       used 89174K, committed 91008K, reserved 1179648K
  class space    used 8963K, committed 9856K, reserved 1048576K
}
Event: 3846.229 GC heap after
{Heap after GC invocations=708 (full 5):
 PSYoungGen      total 5120K, used 480K [0x00000000d5580000, 0x00000000d5c00000, 0x0000000100000000)
  eden space 4608K, 0% used [0x00000000d5580000,0x00000000d5580000,0x00000000d5a00000)
  from space 512K, 93% used [0x00000000d5a80000,0x00000000d5af8000,0x00000000d5b00000)
  to   space 1024K, 0% used [0x00000000d5b00000,0x00000000d5b00000,0x00000000d5c00000)
 ParOldGen       total 208896K, used 197618K [0x0000000080000000, 0x000000008cc00000, 0x00000000d5580000)
  object space 208896K, 94% used [0x0000000080000000,0x000000008c0fc950,0x000000008cc00000)
 Metaspace       used 89174K, committed 91008K, reserved 1179648K
  class space    used 8963K, committed 9856K, reserved 1048576K
}
Event: 3846.766 GC heap before
{Heap before GC invocations=709 (full 5):
 PSYoungGen      total 5120K, used 5088K [0x00000000d5580000, 0x00000000d5c00000, 0x0000000100000000)
  eden space 4608K, 100% used [0x00000000d5580000,0x00000000d5a00000,0x00000000d5a00000)
  from space 512K, 93% used [0x00000000d5a80000,0x00000000d5af8000,0x00000000d5b00000)
  to   space 1024K, 0% used [0x00000000d5b00000,0x00000000d5b00000,0x00000000d5c00000)
 ParOldGen       total 208896K, used 197618K [0x0000000080000000, 0x000000008cc00000, 0x00000000d5580000)
  object space 208896K, 94% used [0x0000000080000000,0x000000008c0fc950,0x000000008cc00000)
 Metaspace       used 89174K, committed 91008K, reserved 1179648K
  class space    used 8963K, committed 9856K, reserved 1048576K
}
Event: 3846.768 GC heap after
{Heap after GC invocations=709 (full 5):
 PSYoungGen      total 5632K, used 768K [0x00000000d5580000, 0x00000000d5c00000, 0x0000000100000000)
  eden space 4608K, 0% used [0x00000000d5580000,0x00000000d5580000,0x00000000d5a00000)
  from space 1024K, 75% used [0x00000000d5b00000,0x00000000d5bc0000,0x00000000d5c00000)
  to   space 1024K, 0% used [0x00000000d5a00000,0x00000000d5a00000,0x00000000d5b00000)
 ParOldGen       total 208896K, used 197642K [0x0000000080000000, 0x000000008cc00000, 0x00000000d5580000)
  object space 208896K, 94% used [0x0000000080000000,0x000000008c102950,0x000000008cc00000)
 Metaspace       used 89174K, committed 91008K, reserved 1179648K
  class space    used 8963K, committed 9856K, reserved 1048576K
}
Event: 3852.303 GC heap before
{Heap before GC invocations=710 (full 5):
 PSYoungGen      total 5632K, used 5376K [0x00000000d5580000, 0x00000000d5c00000, 0x0000000100000000)
  eden space 4608K, 100% used [0x00000000d5580000,0x00000000d5a00000,0x00000000d5a00000)
  from space 1024K, 75% used [0x00000000d5b00000,0x00000000d5bc0000,0x00000000d5c00000)
  to   space 1024K, 0% used [0x00000000d5a00000,0x00000000d5a00000,0x00000000d5b00000)
 ParOldGen       total 208896K, used 197642K [0x0000000080000000, 0x000000008cc00000, 0x00000000d5580000)
  object space 208896K, 94% used [0x0000000080000000,0x000000008c102950,0x000000008cc00000)
 Metaspace       used 89177K, committed 91008K, reserved 1179648K
  class space    used 8963K, committed 9856K, reserved 1048576K
}
Event: 3852.304 GC heap after
{Heap after GC invocations=710 (full 5):
 PSYoungGen      total 5632K, used 528K [0x00000000d5580000, 0x00000000d5c00000, 0x0000000100000000)
  eden space 4608K, 0% used [0x00000000d5580000,0x00000000d5580000,0x00000000d5a00000)
  from space 1024K, 51% used [0x00000000d5a00000,0x00000000d5a84010,0x00000000d5b00000)
  to   space 1024K, 0% used [0x00000000d5b00000,0x00000000d5b00000,0x00000000d5c00000)
 ParOldGen       total 208896K, used 197650K [0x0000000080000000, 0x000000008cc00000, 0x00000000d5580000)
  object space 208896K, 94% used [0x0000000080000000,0x000000008c104950,0x000000008cc00000)
 Metaspace       used 89177K, committed 91008K, reserved 1179648K
  class space    used 8963K, committed 9856K, reserved 1048576K
}
Event: 3852.714 GC heap before
{Heap before GC invocations=711 (full 5):
 PSYoungGen      total 5632K, used 5136K [0x00000000d5580000, 0x00000000d5c00000, 0x0000000100000000)
  eden space 4608K, 100% used [0x00000000d5580000,0x00000000d5a00000,0x00000000d5a00000)
  from space 1024K, 51% used [0x00000000d5a00000,0x00000000d5a84010,0x00000000d5b00000)
  to   space 1024K, 0% used [0x00000000d5b00000,0x00000000d5b00000,0x00000000d5c00000)
 ParOldGen       total 208896K, used 197650K [0x0000000080000000, 0x000000008cc00000, 0x00000000d5580000)
  object space 208896K, 94% used [0x0000000080000000,0x000000008c104950,0x000000008cc00000)
 Metaspace       used 89184K, committed 91008K, reserved 1179648K
  class space    used 8963K, committed 9856K, reserved 1048576K
}
Event: 3852.715 GC heap after
{Heap after GC invocations=711 (full 5):
 PSYoungGen      total 5632K, used 480K [0x00000000d5580000, 0x00000000d5c00000, 0x0000000100000000)
  eden space 4608K, 0% used [0x00000000d5580000,0x00000000d5580000,0x00000000d5a00000)
  from space 1024K, 46% used [0x00000000d5b00000,0x00000000d5b78000,0x00000000d5c00000)
  to   space 1024K, 0% used [0x00000000d5a00000,0x00000000d5a00000,0x00000000d5b00000)
 ParOldGen       total 208896K, used 197674K [0x0000000080000000, 0x000000008cc00000, 0x00000000d5580000)
  object space 208896K, 94% used [0x0000000080000000,0x000000008c10a950,0x000000008cc00000)
 Metaspace       used 89184K, committed 91008K, reserved 1179648K
  class space    used 8963K, committed 9856K, reserved 1048576K
}
Event: 3852.865 GC heap before
{Heap before GC invocations=712 (full 5):
 PSYoungGen      total 5632K, used 5087K [0x00000000d5580000, 0x00000000d5c00000, 0x0000000100000000)
  eden space 4608K, 99% used [0x00000000d5580000,0x00000000d59ffff8,0x00000000d5a00000)
  from space 1024K, 46% used [0x00000000d5b00000,0x00000000d5b78000,0x00000000d5c00000)
  to   space 1024K, 0% used [0x00000000d5a00000,0x00000000d5a00000,0x00000000d5b00000)
 ParOldGen       total 208896K, used 197674K [0x0000000080000000, 0x000000008cc00000, 0x00000000d5580000)
  object space 208896K, 94% used [0x0000000080000000,0x000000008c10a950,0x000000008cc00000)
 Metaspace       used 89186K, committed 91008K, reserved 1179648K
  class space    used 8963K, committed 9856K, reserved 1048576K
}
Event: 3852.867 GC heap after
{Heap after GC invocations=712 (full 5):
 PSYoungGen      total 5632K, used 304K [0x00000000d5580000, 0x00000000d5b80000, 0x0000000100000000)
  eden space 4608K, 0% used [0x00000000d5580000,0x00000000d5580000,0x00000000d5a00000)
  from space 1024K, 29% used [0x00000000d5a00000,0x00000000d5a4c010,0x00000000d5b00000)
  to   space 512K, 0% used [0x00000000d5b00000,0x00000000d5b00000,0x00000000d5b80000)
 ParOldGen       total 208896K, used 198039K [0x0000000080000000, 0x000000008cc00000, 0x00000000d5580000)
  object space 208896K, 94% used [0x0000000080000000,0x000000008c165de0,0x000000008cc00000)
 Metaspace       used 89186K, committed 91008K, reserved 1179648K
  class space    used 8963K, committed 9856K, reserved 1048576K
}
Event: 3872.358 GC heap before
{Heap before GC invocations=713 (full 5):
 PSYoungGen      total 5632K, used 4912K [0x00000000d5580000, 0x00000000d5b80000, 0x0000000100000000)
  eden space 4608K, 100% used [0x00000000d5580000,0x00000000d5a00000,0x00000000d5a00000)
  from space 1024K, 29% used [0x00000000d5a00000,0x00000000d5a4c010,0x00000000d5b00000)
  to   space 512K, 0% used [0x00000000d5b00000,0x00000000d5b00000,0x00000000d5b80000)
 ParOldGen       total 208896K, used 198039K [0x0000000080000000, 0x000000008cc00000, 0x00000000d5580000)
  object space 208896K, 94% used [0x0000000080000000,0x000000008c165de0,0x000000008cc00000)
 Metaspace       used 89186K, committed 91008K, reserved 1179648K
  class space    used 8963K, committed 9856K, reserved 1048576K
}
Event: 3872.361 GC heap after
{Heap after GC invocations=713 (full 5):
 PSYoungGen      total 5120K, used 496K [0x00000000d5580000, 0x00000000d5c00000, 0x0000000100000000)
  eden space 4608K, 0% used [0x00000000d5580000,0x00000000d5580000,0x00000000d5a00000)
  from space 512K, 96% used [0x00000000d5b00000,0x00000000d5b7c010,0x00000000d5b80000)
  to   space 1024K, 0% used [0x00000000d5a00000,0x00000000d5a00000,0x00000000d5b00000)
 ParOldGen       total 208896K, used 198127K [0x0000000080000000, 0x000000008cc00000, 0x00000000d5580000)
  object space 208896K, 94% used [0x0000000080000000,0x000000008c17bde0,0x000000008cc00000)
 Metaspace       used 89186K, committed 91008K, reserved 1179648K
  class space    used 8963K, committed 9856K, reserved 1048576K
}
Event: 3911.668 GC heap before
{Heap before GC invocations=714 (full 5):
 PSYoungGen      total 5120K, used 5104K [0x00000000d5580000, 0x00000000d5c00000, 0x0000000100000000)
  eden space 4608K, 99% used [0x00000000d5580000,0x00000000d59ffff0,0x00000000d5a00000)
  from space 512K, 96% used [0x00000000d5b00000,0x00000000d5b7c010,0x00000000d5b80000)
  to   space 1024K, 0% used [0x00000000d5a00000,0x00000000d5a00000,0x00000000d5b00000)
 ParOldGen       total 208896K, used 198127K [0x0000000080000000, 0x000000008cc00000, 0x00000000d5580000)
  object space 208896K, 94% used [0x0000000080000000,0x000000008c17bde0,0x000000008cc00000)
 Metaspace       used 89186K, committed 91008K, reserved 1179648K
  class space    used 8963K, committed 9856K, reserved 1048576K
}
Event: 3911.671 GC heap after
{Heap after GC invocations=714 (full 5):
 PSYoungGen      total 5632K, used 480K [0x00000000d5580000, 0x00000000d5c00000, 0x0000000100000000)
  eden space 4608K, 0% used [0x00000000d5580000,0x00000000d5580000,0x00000000d5a00000)
  from space 1024K, 46% used [0x00000000d5a00000,0x00000000d5a78000,0x00000000d5b00000)
  to   space 1024K, 0% used [0x00000000d5b00000,0x00000000d5b00000,0x00000000d5c00000)
 ParOldGen       total 208896K, used 198601K [0x0000000080000000, 0x000000008cc00000, 0x00000000d5580000)
  object space 208896K, 95% used [0x0000000080000000,0x000000008c1f2700,0x000000008cc00000)
 Metaspace       used 89186K, committed 91008K, reserved 1179648K
  class space    used 8963K, committed 9856K, reserved 1048576K
}
Event: 3914.904 GC heap before
{Heap before GC invocations=715 (full 5):
 PSYoungGen      total 5632K, used 5088K [0x00000000d5580000, 0x00000000d5c00000, 0x0000000100000000)
  eden space 4608K, 100% used [0x00000000d5580000,0x00000000d5a00000,0x00000000d5a00000)
  from space 1024K, 46% used [0x00000000d5a00000,0x00000000d5a78000,0x00000000d5b00000)
  to   space 1024K, 0% used [0x00000000d5b00000,0x00000000d5b00000,0x00000000d5c00000)
 ParOldGen       total 208896K, used 198601K [0x0000000080000000, 0x000000008cc00000, 0x00000000d5580000)
  object space 208896K, 95% used [0x0000000080000000,0x000000008c1f2700,0x000000008cc00000)
 Metaspace       used 89186K, committed 91008K, reserved 1179648K
  class space    used 8963K, committed 9856K, reserved 1048576K
}
Event: 3914.905 GC heap after
{Heap after GC invocations=715 (full 5):
 PSYoungGen      total 5120K, used 496K [0x00000000d5580000, 0x00000000d5b80000, 0x0000000100000000)
  eden space 4608K, 0% used [0x00000000d5580000,0x00000000d5580000,0x00000000d5a00000)
  from space 512K, 96% used [0x00000000d5b00000,0x00000000d5b7c010,0x00000000d5b80000)
  to   space 512K, 0% used [0x00000000d5a80000,0x00000000d5a80000,0x00000000d5b00000)
 ParOldGen       total 208896K, used 198793K [0x0000000080000000, 0x000000008cc00000, 0x00000000d5580000)
  object space 208896K, 95% used [0x0000000080000000,0x000000008c222700,0x000000008cc00000)
 Metaspace       used 89186K, committed 91008K, reserved 1179648K
  class space    used 8963K, committed 9856K, reserved 1048576K
}
Event: 3915.337 GC heap before
{Heap before GC invocations=716 (full 5):
 PSYoungGen      total 5120K, used 5104K [0x00000000d5580000, 0x00000000d5b80000, 0x0000000100000000)
  eden space 4608K, 100% used [0x00000000d5580000,0x00000000d5a00000,0x00000000d5a00000)
  from space 512K, 96% used [0x00000000d5b00000,0x00000000d5b7c010,0x00000000d5b80000)
  to   space 512K, 0% used [0x00000000d5a80000,0x00000000d5a80000,0x00000000d5b00000)
 ParOldGen       total 208896K, used 198793K [0x0000000080000000, 0x000000008cc00000, 0x00000000d5580000)
  object space 208896K, 95% used [0x0000000080000000,0x000000008c222700,0x000000008cc00000)
 Metaspace       used 89186K, committed 91008K, reserved 1179648K
  class space    used 8963K, committed 9856K, reserved 1048576K
}
Event: 3915.338 GC heap after
{Heap after GC invocations=716 (full 5):
 PSYoungGen      total 5120K, used 384K [0x00000000d5580000, 0x00000000d5b80000, 0x0000000100000000)
  eden space 4608K, 0% used [0x00000000d5580000,0x00000000d5580000,0x00000000d5a00000)
  from space 512K, 75% used [0x00000000d5a80000,0x00000000d5ae0000,0x00000000d5b00000)
  to   space 512K, 0% used [0x00000000d5b00000,0x00000000d5b00000,0x00000000d5b80000)
 ParOldGen       total 208896K, used 198801K [0x0000000080000000, 0x000000008cc00000, 0x00000000d5580000)
  object space 208896K, 95% used [0x0000000080000000,0x000000008c224700,0x000000008cc00000)
 Metaspace       used 89186K, committed 91008K, reserved 1179648K
  class space    used 8963K, committed 9856K, reserved 1048576K
}
Event: 3915.743 GC heap before
{Heap before GC invocations=717 (full 5):
 PSYoungGen      total 5120K, used 4991K [0x00000000d5580000, 0x00000000d5b80000, 0x0000000100000000)
  eden space 4608K, 99% used [0x00000000d5580000,0x00000000d59ffff0,0x00000000d5a00000)
  from space 512K, 75% used [0x00000000d5a80000,0x00000000d5ae0000,0x00000000d5b00000)
  to   space 512K, 0% used [0x00000000d5b00000,0x00000000d5b00000,0x00000000d5b80000)
 ParOldGen       total 208896K, used 198801K [0x0000000080000000, 0x000000008cc00000, 0x00000000d5580000)
  object space 208896K, 95% used [0x0000000080000000,0x000000008c224700,0x000000008cc00000)
 Metaspace       used 89186K, committed 91008K, reserved 1179648K
  class space    used 8963K, committed 9856K, reserved 1048576K
}
Event: 3915.745 GC heap after
{Heap after GC invocations=717 (full 5):
 PSYoungGen      total 5120K, used 320K [0x00000000d5580000, 0x00000000d5b80000, 0x0000000100000000)
  eden space 4608K, 0% used [0x00000000d5580000,0x00000000d5580000,0x00000000d5a00000)
  from space 512K, 62% used [0x00000000d5b00000,0x00000000d5b50000,0x00000000d5b80000)
  to   space 512K, 0% used [0x00000000d5a80000,0x00000000d5a80000,0x00000000d5b00000)
 ParOldGen       total 208896K, used 199150K [0x0000000080000000, 0x000000008cc00000, 0x00000000d5580000)
  object space 208896K, 95% used [0x0000000080000000,0x000000008c27bb90,0x000000008cc00000)
 Metaspace       used 89186K, committed 91008K, reserved 1179648K
  class space    used 8963K, committed 9856K, reserved 1048576K
}

